{"/Users/dheerendrasingh/Documents/projects/node/node-boiler-plate/src/app/app.js": {"path":"/Users/dheerendrasingh/Documents/projects/node/node-boiler-plate/src/app/app.js","statementMap":{"0":{"start":{"line":1,"column":16},"end":{"line":1,"column":34}},"1":{"start":{"line":2,"column":12},"end":{"line":2,"column":21}},"2":{"start":{"line":3,"column":18},"end":{"line":3,"column":41}},"3":{"start":{"line":4,"column":12},"end":{"line":4,"column":17}},"4":{"start":{"line":6,"column":0},"end":{"line":6,"column":30}},"5":{"start":{"line":8,"column":0},"end":{"line":8,"column":21}}},"fnMap":{},"branchMap":{},"s":{"0":1,"1":1,"2":1,"3":1,"4":1,"5":1},"f":{},"b":{},"_coverageSchema":"1a1c01bbd47fc00a2c39e90264f33305004495a9","hash":"d7779dde8ee77211f68e0ea12370a8d5dca85823"}
,"/Users/dheerendrasingh/Documents/projects/node/node-boiler-plate/src/app/app.routes.js": {"path":"/Users/dheerendrasingh/Documents/projects/node/node-boiler-plate/src/app/app.routes.js","statementMap":{"0":{"start":{"line":1,"column":16},"end":{"line":1,"column":34}},"1":{"start":{"line":2,"column":18},"end":{"line":2,"column":34}},"2":{"start":{"line":4,"column":20},"end":{"line":4,"column":64}},"3":{"start":{"line":5,"column":21},"end":{"line":5,"column":70}},"4":{"start":{"line":7,"column":20},"end":{"line":7,"column":24}},"5":{"start":{"line":9,"column":0},"end":{"line":9,"column":53}},"6":{"start":{"line":10,"column":0},"end":{"line":10,"column":55}},"7":{"start":{"line":13,"column":0},"end":{"line":13,"column":27}}},"fnMap":{},"branchMap":{},"s":{"0":1,"1":1,"2":1,"3":1,"4":1,"5":1,"6":1,"7":1},"f":{},"b":{},"_coverageSchema":"1a1c01bbd47fc00a2c39e90264f33305004495a9","hash":"60438e4d56362f7729ada8f6661dcec6e6780ea3"}
,"/Users/dheerendrasingh/Documents/projects/node/node-boiler-plate/src/modules/health/controller/health.controllers.js": {"path":"/Users/dheerendrasingh/Documents/projects/node/node-boiler-plate/src/modules/health/controller/health.controllers.js","statementMap":{"0":{"start":{"line":1,"column":23},"end":{"line":4,"column":1}},"1":{"start":{"line":2,"column":2},"end":{"line":2,"column":30}},"2":{"start":{"line":3,"column":2},"end":{"line":3,"column":50}},"3":{"start":{"line":6,"column":0},"end":{"line":8,"column":2}}},"fnMap":{"0":{"name":"(anonymous_0)","decl":{"start":{"line":1,"column":23},"end":{"line":1,"column":24}},"loc":{"start":{"line":1,"column":43},"end":{"line":4,"column":1}},"line":1}},"branchMap":{},"s":{"0":1,"1":2,"2":2,"3":1},"f":{"0":2},"b":{},"_coverageSchema":"1a1c01bbd47fc00a2c39e90264f33305004495a9","hash":"1247b52d58b8552404365ec8ce1f461943c13adf"}
,"/Users/dheerendrasingh/Documents/projects/node/node-boiler-plate/src/modules/health/routes/health.routes.js": {"path":"/Users/dheerendrasingh/Documents/projects/node/node-boiler-plate/src/modules/health/routes/health.routes.js","statementMap":{"0":{"start":{"line":1,"column":16},"end":{"line":1,"column":34}},"1":{"start":{"line":2,"column":21},"end":{"line":2,"column":37}},"2":{"start":{"line":4,"column":25},"end":{"line":4,"column":68}},"3":{"start":{"line":6,"column":0},"end":{"line":6,"column":55}},"4":{"start":{"line":8,"column":0},"end":{"line":8,"column":30}}},"fnMap":{},"branchMap":{},"s":{"0":1,"1":1,"2":1,"3":1,"4":1},"f":{},"b":{},"_coverageSchema":"1a1c01bbd47fc00a2c39e90264f33305004495a9","hash":"3ab09183189fcce51117e2dabc4e14aed21a6828"}
,"/Users/dheerendrasingh/Documents/projects/node/node-boiler-plate/src/modules/user/controller/user.controllers.js": {"path":"/Users/dheerendrasingh/Documents/projects/node/node-boiler-plate/src/modules/user/controller/user.controllers.js","statementMap":{"0":{"start":{"line":1,"column":21},"end":{"line":4,"column":1}},"1":{"start":{"line":2,"column":2},"end":{"line":2,"column":30}},"2":{"start":{"line":3,"column":2},"end":{"line":3,"column":43}},"3":{"start":{"line":6,"column":0},"end":{"line":8,"column":2}}},"fnMap":{"0":{"name":"(anonymous_0)","decl":{"start":{"line":1,"column":21},"end":{"line":1,"column":22}},"loc":{"start":{"line":1,"column":41},"end":{"line":4,"column":1}},"line":1}},"branchMap":{},"s":{"0":1,"1":0,"2":0,"3":1},"f":{"0":0},"b":{},"_coverageSchema":"1a1c01bbd47fc00a2c39e90264f33305004495a9","hash":"5ee3bf9d993ab207f74d3a888c516eddf75048bb"}
,"/Users/dheerendrasingh/Documents/projects/node/node-boiler-plate/src/modules/user/route/user.routes.js": {"path":"/Users/dheerendrasingh/Documents/projects/node/node-boiler-plate/src/modules/user/route/user.routes.js","statementMap":{"0":{"start":{"line":1,"column":16},"end":{"line":1,"column":34}},"1":{"start":{"line":2,"column":19},"end":{"line":2,"column":35}},"2":{"start":{"line":4,"column":23},"end":{"line":4,"column":64}},"3":{"start":{"line":6,"column":0},"end":{"line":6,"column":49}},"4":{"start":{"line":9,"column":0},"end":{"line":9,"column":28}}},"fnMap":{},"branchMap":{},"s":{"0":1,"1":1,"2":1,"3":1,"4":1},"f":{},"b":{},"_coverageSchema":"1a1c01bbd47fc00a2c39e90264f33305004495a9","hash":"5409f34375af4f78845920f7a57714a9cb67cd4f"}
}
